1752530703: mosquitto version 2.0.22 starting
1752530703: Config loaded from /mosquitto/config/mosquitto.conf.
1752530703: Opening ipv4 listen socket on port 1883.
1752530703: Opening ipv6 listen socket on port 1883.
1752530703: mosquitto version 2.0.22 running
1752532503: Saving in-memory database to /mosquitto/data//mosquitto.db.
1752534304: Saving in-memory database to /mosquitto/data//mosquitto.db.
1752572286: mosquitto version 2.0.22 starting
1752572286: Config loaded from /mosquitto/config/mosquitto.conf.
1752572286: Opening ipv4 listen socket on port 1883.
1752572286: Opening ipv6 listen socket on port 1883.
1752572286: mosquitto version 2.0.22 running
1752574086: Saving in-memory database to /mosquitto/data//mosquitto.db.
1752575887: Saving in-memory database to /mosquitto/data//mosquitto.db.
1752577688: Saving in-memory database to /mosquitto/data//mosquitto.db.
1752579489: Saving in-memory database to /mosquitto/data//mosquitto.db.
1752581290: Saving in-memory database to /mosquitto/data//mosquitto.db.
1752704707: mosquitto version 2.0.22 starting
1752704707: Config loaded from /mosquitto/config/mosquitto.conf.
1752704707: Opening ipv4 listen socket on port 1883.
1752704707: Opening ipv6 listen socket on port 1883.
1752704707: mosquitto version 2.0.22 running
1752749765: mosquitto version 2.0.22 starting
1752749765: Config loaded from /mosquitto/config/mosquitto.conf.
1752749765: Opening ipv4 listen socket on port 1883.
1752749765: Opening ipv6 listen socket on port 1883.
1752749765: mosquitto version 2.0.22 running
1752751566: Saving in-memory database to /mosquitto/data//mosquitto.db.
1752753367: Saving in-memory database to /mosquitto/data//mosquitto.db.
1752756700: mosquitto version 2.0.22 starting
1752756700: Config loaded from /mosquitto/config/mosquitto.conf.
1752756700: Opening ipv4 listen socket on port 1883.
1752756700: Opening ipv6 listen socket on port 1883.
1752756700: mosquitto version 2.0.22 running
1752791507: mosquitto version 2.0.22 starting
1752791507: Config loaded from /mosquitto/config/mosquitto.conf.
1752791507: Opening ipv4 listen socket on port 1883.
1752791507: Opening ipv6 listen socket on port 1883.
1752791507: mosquitto version 2.0.22 running
